2026-04-16 09:22:27,834 - INFO - Начало парсинга данных
2026-04-16 09:22:29,693 - INFO - HTTP запрос успешен, статус: 200
2026-04-16 09:22:29,725 - INFO - Получено объектов: 2457
2026-04-16 09:22:29,729 - INFO - Обработано 100 объектов, создано сторон: 163
2026-04-16 09:22:29,731 - INFO - Обработано 200 объектов, создано сторон: 335
2026-04-16 09:22:29,732 - INFO - Обработано 300 объектов, создано сторон: 504
2026-04-16 09:22:29,734 - INFO - Обработано 400 объектов, создано сторон: 644
2026-04-16 09:22:29,738 - INFO - Обработано 500 объектов, создано сторон: 810
2026-04-16 09:22:29,740 - INFO - Обработано 600 объектов, создано сторон: 1045
2026-04-16 09:22:29,742 - INFO - Обработано 700 объектов, создано сторон: 1218
2026-04-16 09:22:29,744 - INFO - Обработано 800 объектов, создано сторон: 1393
2026-04-16 09:22:29,745 - INFO - Обработано 900 объектов, создано сторон: 1495
2026-04-16 09:22:29,747 - INFO - Обработано 1000 объектов, создано сторон: 1597
2026-04-16 09:22:29,749 - INFO - Обработано 1100 объектов, создано сторон: 1771
2026-04-16 09:22:29,751 - INFO - Обработано 1200 объектов, создано сторон: 1964
2026-04-16 09:22:29,754 - INFO - Обработано 1300 объектов, создано сторон: 2129
2026-04-16 09:22:29,755 - INFO - Обработано 1400 объектов, создано сторон: 2320
2026-04-16 09:22:29,757 - INFO - Обработано 1500 объектов, создано сторон: 2472
2026-04-16 09:22:29,760 - INFO - Обработано 1600 объектов, создано сторон: 2615
2026-04-16 09:22:29,761 - INFO - Обработано 1700 объектов, создано сторон: 2799
2026-04-16 09:22:29,763 - INFO - Обработано 1800 объектов, создано сторон: 2986
2026-04-16 09:22:29,765 - INFO - Обработано 1900 объектов, создано сторон: 3168
2026-04-16 09:22:29,767 - INFO - Обработано 2000 объектов, создано сторон: 3346
2026-04-16 09:22:29,769 - INFO - Обработано 2100 объектов, создано сторон: 3530
2026-04-16 09:22:29,771 - INFO - Обработано 2200 объектов, создано сторон: 3694
2026-04-16 09:22:29,773 - INFO - Обработано 2300 объектов, создано сторон: 3872
2026-04-16 09:22:29,774 - INFO - Обработано 2400 объектов, создано сторон: 4045
2026-04-16 09:22:29,775 - INFO - Итоги: обработано 2457 объектов, ошибок: 0, создано сторон: 4158
2026-04-16 09:22:30,975 - INFO - Файлы успешно сохранены: result.json, result.xlsx
